<?xml version="1.0"?>

<root available-locales="en_US" default-locale="en_US">
	<dynamic-element instance-id="bf4sdx6Q" name="text" type="text" index-type="text">
		<dynamic-content language-id="en_US"><![CDATA[<a href="http://localhost:8080/web/test-group/test-layout">test</a>]]></dynamic-content>
	</dynamic-element>
</root>